INFO - 2023-11-19 10:18:05 --> Session: Class initialized using 'CodeIgniter\Session\Handlers\FileHandler' driver.
WARNING - 2023-11-19 10:18:05 --> Session: Sessions is enabled, and one exists. Please don't $session->start();
INFO - 2023-11-19 10:18:39 --> Session: Class initialized using 'CodeIgniter\Session\Handlers\FileHandler' driver.
WARNING - 2023-11-19 10:18:39 --> Session: Sessions is enabled, and one exists. Please don't $session->start();
INFO - 2023-11-19 10:18:39 --> Session: Class initialized using 'CodeIgniter\Session\Handlers\FileHandler' driver.
WARNING - 2023-11-19 10:18:39 --> Session: Sessions is enabled, and one exists. Please don't $session->start();
INFO - 2023-11-19 10:18:58 --> Session: Class initialized using 'CodeIgniter\Session\Handlers\FileHandler' driver.
WARNING - 2023-11-19 10:18:58 --> Session: Sessions is enabled, and one exists. Please don't $session->start();
INFO - 2023-11-19 10:18:58 --> Session: Class initialized using 'CodeIgniter\Session\Handlers\FileHandler' driver.
WARNING - 2023-11-19 10:18:58 --> Session: Sessions is enabled, and one exists. Please don't $session->start();
INFO - 2023-11-19 10:34:39 --> Session: Class initialized using 'CodeIgniter\Session\Handlers\FileHandler' driver.
WARNING - 2023-11-19 10:34:39 --> Session: Sessions is enabled, and one exists. Please don't $session->start();
INFO - 2023-11-19 10:34:39 --> Session: Class initialized using 'CodeIgniter\Session\Handlers\FileHandler' driver.
WARNING - 2023-11-19 10:34:39 --> Session: Sessions is enabled, and one exists. Please don't $session->start();
INFO - 2023-11-19 10:36:34 --> Session: Class initialized using 'CodeIgniter\Session\Handlers\FileHandler' driver.
WARNING - 2023-11-19 10:36:34 --> Session: Sessions is enabled, and one exists. Please don't $session->start();
INFO - 2023-11-19 10:56:41 --> Session: Class initialized using 'CodeIgniter\Session\Handlers\FileHandler' driver.
WARNING - 2023-11-19 10:56:41 --> Session: Sessions is enabled, and one exists. Please don't $session->start();
INFO - 2023-11-19 10:56:42 --> Session: Class initialized using 'CodeIgniter\Session\Handlers\FileHandler' driver.
WARNING - 2023-11-19 10:56:42 --> Session: Sessions is enabled, and one exists. Please don't $session->start();
INFO - 2023-11-19 10:57:06 --> Session: Class initialized using 'CodeIgniter\Session\Handlers\FileHandler' driver.
WARNING - 2023-11-19 10:57:06 --> Session: Sessions is enabled, and one exists. Please don't $session->start();
INFO - 2023-11-19 10:57:06 --> Session: Class initialized using 'CodeIgniter\Session\Handlers\FileHandler' driver.
WARNING - 2023-11-19 10:57:06 --> Session: Sessions is enabled, and one exists. Please don't $session->start();
INFO - 2023-11-19 10:57:17 --> Session: Class initialized using 'CodeIgniter\Session\Handlers\FileHandler' driver.
WARNING - 2023-11-19 10:57:17 --> Session: Sessions is enabled, and one exists. Please don't $session->start();
INFO - 2023-11-19 10:57:17 --> Session: Class initialized using 'CodeIgniter\Session\Handlers\FileHandler' driver.
WARNING - 2023-11-19 10:57:17 --> Session: Sessions is enabled, and one exists. Please don't $session->start();
INFO - 2023-11-19 10:57:22 --> Session: Class initialized using 'CodeIgniter\Session\Handlers\FileHandler' driver.
WARNING - 2023-11-19 10:57:22 --> Session: Sessions is enabled, and one exists. Please don't $session->start();
INFO - 2023-11-19 11:03:10 --> Session: Class initialized using 'CodeIgniter\Session\Handlers\FileHandler' driver.
WARNING - 2023-11-19 11:03:10 --> Session: Sessions is enabled, and one exists. Please don't $session->start();
INFO - 2023-11-19 11:03:18 --> Session: Class initialized using 'CodeIgniter\Session\Handlers\FileHandler' driver.
WARNING - 2023-11-19 11:03:18 --> Session: Sessions is enabled, and one exists. Please don't $session->start();
INFO - 2023-11-19 11:03:18 --> Session: Class initialized using 'CodeIgniter\Session\Handlers\FileHandler' driver.
WARNING - 2023-11-19 11:03:18 --> Session: Sessions is enabled, and one exists. Please don't $session->start();
INFO - 2023-11-19 11:03:20 --> Session: Class initialized using 'CodeIgniter\Session\Handlers\FileHandler' driver.
WARNING - 2023-11-19 11:03:20 --> Session: Sessions is enabled, and one exists. Please don't $session->start();
INFO - 2023-11-19 11:03:20 --> Session: Class initialized using 'CodeIgniter\Session\Handlers\FileHandler' driver.
WARNING - 2023-11-19 11:03:20 --> Session: Sessions is enabled, and one exists. Please don't $session->start();
INFO - 2023-11-19 11:03:21 --> Session: Class initialized using 'CodeIgniter\Session\Handlers\FileHandler' driver.
WARNING - 2023-11-19 11:03:21 --> Session: Sessions is enabled, and one exists. Please don't $session->start();
INFO - 2023-11-19 11:03:21 --> Session: Class initialized using 'CodeIgniter\Session\Handlers\FileHandler' driver.
WARNING - 2023-11-19 11:03:21 --> Session: Sessions is enabled, and one exists. Please don't $session->start();
INFO - 2023-11-19 11:03:30 --> Session: Class initialized using 'CodeIgniter\Session\Handlers\FileHandler' driver.
WARNING - 2023-11-19 11:03:30 --> Session: Sessions is enabled, and one exists. Please don't $session->start();
INFO - 2023-11-19 11:03:30 --> Session: Class initialized using 'CodeIgniter\Session\Handlers\FileHandler' driver.
WARNING - 2023-11-19 11:03:30 --> Session: Sessions is enabled, and one exists. Please don't $session->start();
INFO - 2023-11-19 11:03:37 --> Session: Class initialized using 'CodeIgniter\Session\Handlers\FileHandler' driver.
WARNING - 2023-11-19 11:03:37 --> Session: Sessions is enabled, and one exists. Please don't $session->start();
INFO - 2023-11-19 11:03:42 --> Session: Class initialized using 'CodeIgniter\Session\Handlers\FileHandler' driver.
WARNING - 2023-11-19 11:03:42 --> Session: Sessions is enabled, and one exists. Please don't $session->start();
INFO - 2023-11-19 11:03:42 --> Session: Class initialized using 'CodeIgniter\Session\Handlers\FileHandler' driver.
WARNING - 2023-11-19 11:03:42 --> Session: Sessions is enabled, and one exists. Please don't $session->start();
INFO - 2023-11-19 11:03:49 --> Session: Class initialized using 'CodeIgniter\Session\Handlers\FileHandler' driver.
WARNING - 2023-11-19 11:03:49 --> Session: Sessions is enabled, and one exists. Please don't $session->start();
INFO - 2023-11-19 11:03:49 --> Session: Class initialized using 'CodeIgniter\Session\Handlers\FileHandler' driver.
WARNING - 2023-11-19 11:03:49 --> Session: Sessions is enabled, and one exists. Please don't $session->start();
INFO - 2023-11-19 11:09:07 --> Session: Class initialized using 'CodeIgniter\Session\Handlers\FileHandler' driver.
WARNING - 2023-11-19 11:09:07 --> Session: Sessions is enabled, and one exists. Please don't $session->start();
INFO - 2023-11-19 11:09:07 --> Session: Class initialized using 'CodeIgniter\Session\Handlers\FileHandler' driver.
WARNING - 2023-11-19 11:09:07 --> Session: Sessions is enabled, and one exists. Please don't $session->start();
INFO - 2023-11-19 11:09:07 --> Session: Class initialized using 'CodeIgniter\Session\Handlers\FileHandler' driver.
WARNING - 2023-11-19 11:09:07 --> Session: Sessions is enabled, and one exists. Please don't $session->start();
INFO - 2023-11-19 11:09:07 --> Session: Class initialized using 'CodeIgniter\Session\Handlers\FileHandler' driver.
WARNING - 2023-11-19 11:09:07 --> Session: Sessions is enabled, and one exists. Please don't $session->start();
INFO - 2023-11-19 11:09:12 --> Session: Class initialized using 'CodeIgniter\Session\Handlers\FileHandler' driver.
WARNING - 2023-11-19 11:09:12 --> Session: Sessions is enabled, and one exists. Please don't $session->start();
INFO - 2023-11-19 11:10:19 --> Session: Class initialized using 'CodeIgniter\Session\Handlers\FileHandler' driver.
WARNING - 2023-11-19 11:10:19 --> Session: Sessions is enabled, and one exists. Please don't $session->start();
INFO - 2023-11-19 11:10:19 --> Session: Class initialized using 'CodeIgniter\Session\Handlers\FileHandler' driver.
WARNING - 2023-11-19 11:10:19 --> Session: Sessions is enabled, and one exists. Please don't $session->start();
INFO - 2023-11-19 11:10:19 --> Session: Class initialized using 'CodeIgniter\Session\Handlers\FileHandler' driver.
WARNING - 2023-11-19 11:10:19 --> Session: Sessions is enabled, and one exists. Please don't $session->start();
INFO - 2023-11-19 11:10:21 --> Session: Class initialized using 'CodeIgniter\Session\Handlers\FileHandler' driver.
WARNING - 2023-11-19 11:10:21 --> Session: Sessions is enabled, and one exists. Please don't $session->start();
INFO - 2023-11-19 11:10:26 --> Session: Class initialized using 'CodeIgniter\Session\Handlers\FileHandler' driver.
WARNING - 2023-11-19 11:10:26 --> Session: Sessions is enabled, and one exists. Please don't $session->start();
INFO - 2023-11-19 11:10:30 --> Session: Class initialized using 'CodeIgniter\Session\Handlers\FileHandler' driver.
WARNING - 2023-11-19 11:10:30 --> Session: Sessions is enabled, and one exists. Please don't $session->start();
INFO - 2023-11-19 11:19:56 --> Session: Class initialized using 'CodeIgniter\Session\Handlers\FileHandler' driver.
WARNING - 2023-11-19 11:19:56 --> Session: Sessions is enabled, and one exists. Please don't $session->start();
INFO - 2023-11-19 11:23:40 --> Session: Class initialized using 'CodeIgniter\Session\Handlers\FileHandler' driver.
WARNING - 2023-11-19 11:23:40 --> Session: Sessions is enabled, and one exists. Please don't $session->start();
INFO - 2023-11-19 11:23:41 --> Session: Class initialized using 'CodeIgniter\Session\Handlers\FileHandler' driver.
WARNING - 2023-11-19 11:23:41 --> Session: Sessions is enabled, and one exists. Please don't $session->start();
INFO - 2023-11-19 11:23:42 --> Session: Class initialized using 'CodeIgniter\Session\Handlers\FileHandler' driver.
WARNING - 2023-11-19 11:23:42 --> Session: Sessions is enabled, and one exists. Please don't $session->start();
INFO - 2023-11-19 11:23:42 --> Session: Class initialized using 'CodeIgniter\Session\Handlers\FileHandler' driver.
WARNING - 2023-11-19 11:23:42 --> Session: Sessions is enabled, and one exists. Please don't $session->start();
INFO - 2023-11-19 11:26:49 --> Session: Class initialized using 'CodeIgniter\Session\Handlers\FileHandler' driver.
WARNING - 2023-11-19 11:26:49 --> Session: Sessions is enabled, and one exists. Please don't $session->start();
INFO - 2023-11-19 11:26:50 --> Session: Class initialized using 'CodeIgniter\Session\Handlers\FileHandler' driver.
WARNING - 2023-11-19 11:26:50 --> Session: Sessions is enabled, and one exists. Please don't $session->start();
INFO - 2023-11-19 11:27:40 --> Session: Class initialized using 'CodeIgniter\Session\Handlers\FileHandler' driver.
WARNING - 2023-11-19 11:27:40 --> Session: Sessions is enabled, and one exists. Please don't $session->start();
INFO - 2023-11-19 11:27:41 --> Session: Class initialized using 'CodeIgniter\Session\Handlers\FileHandler' driver.
WARNING - 2023-11-19 11:27:41 --> Session: Sessions is enabled, and one exists. Please don't $session->start();
INFO - 2023-11-19 11:27:41 --> Session: Class initialized using 'CodeIgniter\Session\Handlers\FileHandler' driver.
WARNING - 2023-11-19 11:27:41 --> Session: Sessions is enabled, and one exists. Please don't $session->start();
INFO - 2023-11-19 11:31:55 --> Session: Class initialized using 'CodeIgniter\Session\Handlers\FileHandler' driver.
WARNING - 2023-11-19 11:31:55 --> Session: Sessions is enabled, and one exists. Please don't $session->start();
INFO - 2023-11-19 11:32:29 --> Session: Class initialized using 'CodeIgniter\Session\Handlers\FileHandler' driver.
WARNING - 2023-11-19 11:32:29 --> Session: Sessions is enabled, and one exists. Please don't $session->start();
INFO - 2023-11-19 11:32:44 --> Session: Class initialized using 'CodeIgniter\Session\Handlers\FileHandler' driver.
WARNING - 2023-11-19 11:32:44 --> Session: Sessions is enabled, and one exists. Please don't $session->start();
INFO - 2023-11-19 11:32:45 --> Session: Class initialized using 'CodeIgniter\Session\Handlers\FileHandler' driver.
WARNING - 2023-11-19 11:32:45 --> Session: Sessions is enabled, and one exists. Please don't $session->start();
INFO - 2023-11-19 11:32:45 --> Session: Class initialized using 'CodeIgniter\Session\Handlers\FileHandler' driver.
WARNING - 2023-11-19 11:32:45 --> Session: Sessions is enabled, and one exists. Please don't $session->start();
INFO - 2023-11-19 11:32:45 --> Session: Class initialized using 'CodeIgniter\Session\Handlers\FileHandler' driver.
WARNING - 2023-11-19 11:32:45 --> Session: Sessions is enabled, and one exists. Please don't $session->start();
INFO - 2023-11-19 11:34:48 --> Session: Class initialized using 'CodeIgniter\Session\Handlers\FileHandler' driver.
WARNING - 2023-11-19 11:34:48 --> Session: Sessions is enabled, and one exists. Please don't $session->start();
INFO - 2023-11-19 11:35:53 --> Session: Class initialized using 'CodeIgniter\Session\Handlers\FileHandler' driver.
WARNING - 2023-11-19 11:35:53 --> Session: Sessions is enabled, and one exists. Please don't $session->start();
INFO - 2023-11-19 11:41:58 --> Session: Class initialized using 'CodeIgniter\Session\Handlers\FileHandler' driver.
WARNING - 2023-11-19 11:41:58 --> Session: Sessions is enabled, and one exists. Please don't $session->start();
INFO - 2023-11-19 11:42:18 --> Session: Class initialized using 'CodeIgniter\Session\Handlers\FileHandler' driver.
WARNING - 2023-11-19 11:42:18 --> Session: Sessions is enabled, and one exists. Please don't $session->start();
INFO - 2023-11-19 11:42:21 --> Session: Class initialized using 'CodeIgniter\Session\Handlers\FileHandler' driver.
WARNING - 2023-11-19 11:42:21 --> Session: Sessions is enabled, and one exists. Please don't $session->start();
INFO - 2023-11-19 11:42:21 --> Session: Class initialized using 'CodeIgniter\Session\Handlers\FileHandler' driver.
WARNING - 2023-11-19 11:42:21 --> Session: Sessions is enabled, and one exists. Please don't $session->start();
INFO - 2023-11-19 11:42:27 --> Session: Class initialized using 'CodeIgniter\Session\Handlers\FileHandler' driver.
WARNING - 2023-11-19 11:42:27 --> Session: Sessions is enabled, and one exists. Please don't $session->start();
INFO - 2023-11-19 11:42:28 --> Session: Class initialized using 'CodeIgniter\Session\Handlers\FileHandler' driver.
WARNING - 2023-11-19 11:42:28 --> Session: Sessions is enabled, and one exists. Please don't $session->start();
INFO - 2023-11-19 11:42:34 --> Session: Class initialized using 'CodeIgniter\Session\Handlers\FileHandler' driver.
WARNING - 2023-11-19 11:42:34 --> Session: Sessions is enabled, and one exists. Please don't $session->start();
INFO - 2023-11-19 11:42:53 --> Session: Class initialized using 'CodeIgniter\Session\Handlers\FileHandler' driver.
WARNING - 2023-11-19 11:42:53 --> Session: Sessions is enabled, and one exists. Please don't $session->start();
INFO - 2023-11-19 11:43:03 --> Session: Class initialized using 'CodeIgniter\Session\Handlers\FileHandler' driver.
WARNING - 2023-11-19 11:43:03 --> Session: Sessions is enabled, and one exists. Please don't $session->start();
INFO - 2023-11-19 11:43:35 --> Session: Class initialized using 'CodeIgniter\Session\Handlers\FileHandler' driver.
WARNING - 2023-11-19 11:43:35 --> Session: Sessions is enabled, and one exists. Please don't $session->start();
INFO - 2023-11-19 11:43:47 --> Session: Class initialized using 'CodeIgniter\Session\Handlers\FileHandler' driver.
WARNING - 2023-11-19 11:43:47 --> Session: Sessions is enabled, and one exists. Please don't $session->start();
INFO - 2023-11-19 11:44:36 --> Session: Class initialized using 'CodeIgniter\Session\Handlers\FileHandler' driver.
WARNING - 2023-11-19 11:44:36 --> Session: Sessions is enabled, and one exists. Please don't $session->start();
INFO - 2023-11-19 11:44:42 --> Session: Class initialized using 'CodeIgniter\Session\Handlers\FileHandler' driver.
WARNING - 2023-11-19 11:44:42 --> Session: Sessions is enabled, and one exists. Please don't $session->start();
INFO - 2023-11-19 11:45:07 --> Session: Class initialized using 'CodeIgniter\Session\Handlers\FileHandler' driver.
WARNING - 2023-11-19 11:45:07 --> Session: Sessions is enabled, and one exists. Please don't $session->start();
INFO - 2023-11-19 11:45:28 --> Session: Class initialized using 'CodeIgniter\Session\Handlers\FileHandler' driver.
WARNING - 2023-11-19 11:45:28 --> Session: Sessions is enabled, and one exists. Please don't $session->start();
INFO - 2023-11-19 11:45:51 --> Session: Class initialized using 'CodeIgniter\Session\Handlers\FileHandler' driver.
WARNING - 2023-11-19 11:45:51 --> Session: Sessions is enabled, and one exists. Please don't $session->start();
INFO - 2023-11-19 11:45:59 --> Session: Class initialized using 'CodeIgniter\Session\Handlers\FileHandler' driver.
WARNING - 2023-11-19 11:45:59 --> Session: Sessions is enabled, and one exists. Please don't $session->start();
INFO - 2023-11-19 11:46:07 --> Session: Class initialized using 'CodeIgniter\Session\Handlers\FileHandler' driver.
WARNING - 2023-11-19 11:46:07 --> Session: Sessions is enabled, and one exists. Please don't $session->start();
INFO - 2023-11-19 11:46:14 --> Session: Class initialized using 'CodeIgniter\Session\Handlers\FileHandler' driver.
WARNING - 2023-11-19 11:46:14 --> Session: Sessions is enabled, and one exists. Please don't $session->start();
INFO - 2023-11-19 11:46:29 --> Session: Class initialized using 'CodeIgniter\Session\Handlers\FileHandler' driver.
WARNING - 2023-11-19 11:46:29 --> Session: Sessions is enabled, and one exists. Please don't $session->start();
INFO - 2023-11-19 11:46:31 --> Session: Class initialized using 'CodeIgniter\Session\Handlers\FileHandler' driver.
WARNING - 2023-11-19 11:46:31 --> Session: Sessions is enabled, and one exists. Please don't $session->start();
INFO - 2023-11-19 11:46:31 --> Session: Class initialized using 'CodeIgniter\Session\Handlers\FileHandler' driver.
WARNING - 2023-11-19 11:46:31 --> Session: Sessions is enabled, and one exists. Please don't $session->start();
INFO - 2023-11-19 11:46:32 --> Session: Class initialized using 'CodeIgniter\Session\Handlers\FileHandler' driver.
WARNING - 2023-11-19 11:46:32 --> Session: Sessions is enabled, and one exists. Please don't $session->start();
INFO - 2023-11-19 11:46:54 --> Session: Class initialized using 'CodeIgniter\Session\Handlers\FileHandler' driver.
WARNING - 2023-11-19 11:46:54 --> Session: Sessions is enabled, and one exists. Please don't $session->start();
INFO - 2023-11-19 11:46:58 --> Session: Class initialized using 'CodeIgniter\Session\Handlers\FileHandler' driver.
WARNING - 2023-11-19 11:46:58 --> Session: Sessions is enabled, and one exists. Please don't $session->start();
INFO - 2023-11-19 11:47:00 --> Session: Class initialized using 'CodeIgniter\Session\Handlers\FileHandler' driver.
WARNING - 2023-11-19 11:47:00 --> Session: Sessions is enabled, and one exists. Please don't $session->start();
INFO - 2023-11-19 11:47:03 --> Session: Class initialized using 'CodeIgniter\Session\Handlers\FileHandler' driver.
WARNING - 2023-11-19 11:47:03 --> Session: Sessions is enabled, and one exists. Please don't $session->start();
INFO - 2023-11-19 11:47:07 --> Session: Class initialized using 'CodeIgniter\Session\Handlers\FileHandler' driver.
WARNING - 2023-11-19 11:47:07 --> Session: Sessions is enabled, and one exists. Please don't $session->start();
INFO - 2023-11-19 11:47:11 --> Session: Class initialized using 'CodeIgniter\Session\Handlers\FileHandler' driver.
WARNING - 2023-11-19 11:47:11 --> Session: Sessions is enabled, and one exists. Please don't $session->start();
INFO - 2023-11-19 11:47:47 --> Session: Class initialized using 'CodeIgniter\Session\Handlers\FileHandler' driver.
WARNING - 2023-11-19 11:47:47 --> Session: Sessions is enabled, and one exists. Please don't $session->start();
INFO - 2023-11-19 11:48:31 --> Session: Class initialized using 'CodeIgniter\Session\Handlers\FileHandler' driver.
WARNING - 2023-11-19 11:48:31 --> Session: Sessions is enabled, and one exists. Please don't $session->start();
INFO - 2023-11-19 11:48:38 --> Session: Class initialized using 'CodeIgniter\Session\Handlers\FileHandler' driver.
WARNING - 2023-11-19 11:48:38 --> Session: Sessions is enabled, and one exists. Please don't $session->start();
INFO - 2023-11-19 11:50:42 --> Session: Class initialized using 'CodeIgniter\Session\Handlers\FileHandler' driver.
WARNING - 2023-11-19 11:50:42 --> Session: Sessions is enabled, and one exists. Please don't $session->start();
CRITICAL - 2023-11-19 11:50:42 --> Unparenthesized `a ? b : c ? d : e` is not supported. Use either `(a ? b : c) ? d : e` or `a ? b : (c ? d : e)`
in APPPATH/Views/backend/user/index.php on line 47.
 1 [internal function]: CodeIgniter\Debug\Exceptions->shutdownHandler()
INFO - 2023-11-19 11:54:48 --> Session: Class initialized using 'CodeIgniter\Session\Handlers\FileHandler' driver.
WARNING - 2023-11-19 11:54:48 --> Session: Sessions is enabled, and one exists. Please don't $session->start();
INFO - 2023-11-19 11:54:48 --> Session: Class initialized using 'CodeIgniter\Session\Handlers\FileHandler' driver.
WARNING - 2023-11-19 11:54:48 --> Session: Sessions is enabled, and one exists. Please don't $session->start();
INFO - 2023-11-19 11:54:50 --> Session: Class initialized using 'CodeIgniter\Session\Handlers\FileHandler' driver.
WARNING - 2023-11-19 11:54:50 --> Session: Sessions is enabled, and one exists. Please don't $session->start();
INFO - 2023-11-19 11:55:02 --> Session: Class initialized using 'CodeIgniter\Session\Handlers\FileHandler' driver.
WARNING - 2023-11-19 11:55:02 --> Session: Sessions is enabled, and one exists. Please don't $session->start();
INFO - 2023-11-19 11:55:23 --> Session: Class initialized using 'CodeIgniter\Session\Handlers\FileHandler' driver.
WARNING - 2023-11-19 11:55:23 --> Session: Sessions is enabled, and one exists. Please don't $session->start();
INFO - 2023-11-19 11:55:57 --> Session: Class initialized using 'CodeIgniter\Session\Handlers\FileHandler' driver.
WARNING - 2023-11-19 11:55:57 --> Session: Sessions is enabled, and one exists. Please don't $session->start();
CRITICAL - 2023-11-19 11:55:57 --> Unparenthesized `a ? b : c ? d : e` is not supported. Use either `(a ? b : c) ? d : e` or `a ? b : (c ? d : e)`
in APPPATH/Views/backend/user/index.php on line 49.
 1 [internal function]: CodeIgniter\Debug\Exceptions->shutdownHandler()
INFO - 2023-11-19 11:57:46 --> Session: Class initialized using 'CodeIgniter\Session\Handlers\FileHandler' driver.
WARNING - 2023-11-19 11:57:46 --> Session: Sessions is enabled, and one exists. Please don't $session->start();
INFO - 2023-11-19 11:58:16 --> Session: Class initialized using 'CodeIgniter\Session\Handlers\FileHandler' driver.
WARNING - 2023-11-19 11:58:16 --> Session: Sessions is enabled, and one exists. Please don't $session->start();
INFO - 2023-11-19 11:58:50 --> Session: Class initialized using 'CodeIgniter\Session\Handlers\FileHandler' driver.
WARNING - 2023-11-19 11:58:50 --> Session: Sessions is enabled, and one exists. Please don't $session->start();
INFO - 2023-11-19 11:59:00 --> Session: Class initialized using 'CodeIgniter\Session\Handlers\FileHandler' driver.
WARNING - 2023-11-19 11:59:00 --> Session: Sessions is enabled, and one exists. Please don't $session->start();
INFO - 2023-11-19 11:59:02 --> Session: Class initialized using 'CodeIgniter\Session\Handlers\FileHandler' driver.
WARNING - 2023-11-19 11:59:02 --> Session: Sessions is enabled, and one exists. Please don't $session->start();
INFO - 2023-11-19 12:03:33 --> Session: Class initialized using 'CodeIgniter\Session\Handlers\FileHandler' driver.
WARNING - 2023-11-19 12:03:33 --> Session: Sessions is enabled, and one exists. Please don't $session->start();
INFO - 2023-11-19 12:03:34 --> Session: Class initialized using 'CodeIgniter\Session\Handlers\FileHandler' driver.
WARNING - 2023-11-19 12:03:34 --> Session: Sessions is enabled, and one exists. Please don't $session->start();
INFO - 2023-11-19 12:04:12 --> Session: Class initialized using 'CodeIgniter\Session\Handlers\FileHandler' driver.
WARNING - 2023-11-19 12:04:12 --> Session: Sessions is enabled, and one exists. Please don't $session->start();
INFO - 2023-11-19 12:05:23 --> Session: Class initialized using 'CodeIgniter\Session\Handlers\FileHandler' driver.
WARNING - 2023-11-19 12:05:23 --> Session: Sessions is enabled, and one exists. Please don't $session->start();
INFO - 2023-11-19 12:05:41 --> Session: Class initialized using 'CodeIgniter\Session\Handlers\FileHandler' driver.
WARNING - 2023-11-19 12:05:41 --> Session: Sessions is enabled, and one exists. Please don't $session->start();
INFO - 2023-11-19 12:05:43 --> Session: Class initialized using 'CodeIgniter\Session\Handlers\FileHandler' driver.
WARNING - 2023-11-19 12:05:43 --> Session: Sessions is enabled, and one exists. Please don't $session->start();
